<?xml version="1.0" encoding="UTF-8"?>
<testsuite name="it.unibo.deathnote.TestDeathNote" tests="1" skipped="0" failures="0" errors="0" timestamp="2024-11-18T02:33:26" hostname="LAPTOP-159QVP17" time="6.197">
  <properties/>
  <testcase name="testDeathDetails()" classname="it.unibo.deathnote.TestDeathNote" time="6.197"/>
  <system-out><![CDATA[]]></system-out>
  <system-err><![CDATA[]]></system-err>
</testsuite>
